<?xml version="1.0" encoding="UTF-8"?>
<!-- Generated by org.testng.reporters.JUnitReportReporter -->
<testsuite hostname="Alberts-MacBook-Air.local" failures="0" tests="5" name="runner.TestRunnerOrder" time="36.200" errors="1" timestamp="2025-10-13T20:43:28 WIB" skipped="0">
  <testcase classname="runner.TestRunnerOrder" name="runScenario" time="5.842"/>
  <testcase classname="runner.TestRunnerOrder" name="runScenario" time="10.901"/>
  <testcase classname="runner.TestRunnerOrder" name="runScenario" time="5.935"/>
  <testcase classname="runner.TestRunnerOrder" name="runScenario" time="5.936"/>
  <testcase classname="runner.TestRunnerOrder" name="runScenario" time="7.586">
    <error message="element click intercepted: Element &lt;button _ngcontent-yxu-c34=&quot;&quot; class=&quot;btn w-10 rounded&quot; style=&quot;float: right;&quot;&gt;...&lt;/button&gt; is not clickable at point (537, 438). Other element would receive the click: &lt;div _ngcontent-yxu-c31=&quot;&quot; class=&quot;ngx-spinner-overlay ng-tns-c31-1 ng-trigger ng-trigger-fadeIn ng-star-inserted ng-animating&quot; style=&quot;background-color: rgba(51, 51, 51, 0.8); z-index: 99999; position: fixed;&quot;&gt;...&lt;/div&gt;
  (Session info: chrome=141.0.7390.76)
Build info: version: &#039;4.35.0&#039;, revision: &#039;1c58e5028b&#039;
System info: os.name: &#039;Mac OS X&#039;, os.arch: &#039;aarch64&#039;, os.version: &#039;15.6&#039;, java.version: &#039;24.0.2&#039;
Driver info: org.openqa.selenium.chrome.ChromeDriver
Command: [dce2e9949e32530b3567a31bc7fb074c, clickElement {id=f.4975791D63F03AEBE53482FBA410A9CA.d.706AF008D27972488E0FCE0B3ABF5CF8.e.70}]
Capabilities {acceptInsecureCerts: false, browserName: chrome, browserVersion: 141.0.7390.76, chrome: {chromedriverVersion: 141.0.7390.76 (d6fcfbb51aac..., userDataDir: /var/folders/nw/scl8rvjs5h5...}, fedcm:accounts: true, goog:chromeOptions: {debuggerAddress: localhost:54259}, networkConnectionEnabled: false, pageLoadStrategy: normal, platformName: mac, proxy: Proxy(), se:cdp: ws://localhost:54259/devtoo..., se:cdpVersion: 141.0.7390.76, setWindowRect: true, strictFileInteractability: false, timeouts: {implicit: 0, pageLoad: 300000, script: 30000}, unhandledPromptBehavior: dismiss and notify, webauthn:extension:credBlob: true, webauthn:extension:largeBlob: true, webauthn:extension:minPinLength: true, webauthn:extension:prf: true, webauthn:virtualAuthenticators: true}
Element: [[[[ChromeDriver: chrome on mac (dce2e9949e32530b3567a31bc7fb074c)] -&gt; css selector: .mb-3]] -&gt; css selector: .card-body button:last-of-type]
Session ID: dce2e9949e32530b3567a31bc7fb074c" type="org.openqa.selenium.ElementClickInterceptedException">
      <![CDATA[org.openqa.selenium.ElementClickInterceptedException: element click intercepted: Element <button _ngcontent-yxu-c34="" class="btn w-10 rounded" style="float: right;">...</button> is not clickable at point (537, 438). Other element would receive the click: <div _ngcontent-yxu-c31="" class="ngx-spinner-overlay ng-tns-c31-1 ng-trigger ng-trigger-fadeIn ng-star-inserted ng-animating" style="background-color: rgba(51, 51, 51, 0.8); z-index: 99999; position: fixed;">...</div>
  (Session info: chrome=141.0.7390.76)
Build info: version: '4.35.0', revision: '1c58e5028b'
System info: os.name: 'Mac OS X', os.arch: 'aarch64', os.version: '15.6', java.version: '24.0.2'
Driver info: org.openqa.selenium.chrome.ChromeDriver
Command: [dce2e9949e32530b3567a31bc7fb074c, clickElement {id=f.4975791D63F03AEBE53482FBA410A9CA.d.706AF008D27972488E0FCE0B3ABF5CF8.e.70}]
Capabilities {acceptInsecureCerts: false, browserName: chrome, browserVersion: 141.0.7390.76, chrome: {chromedriverVersion: 141.0.7390.76 (d6fcfbb51aac..., userDataDir: /var/folders/nw/scl8rvjs5h5...}, fedcm:accounts: true, goog:chromeOptions: {debuggerAddress: localhost:54259}, networkConnectionEnabled: false, pageLoadStrategy: normal, platformName: mac, proxy: Proxy(), se:cdp: ws://localhost:54259/devtoo..., se:cdpVersion: 141.0.7390.76, setWindowRect: true, strictFileInteractability: false, timeouts: {implicit: 0, pageLoad: 300000, script: 30000}, unhandledPromptBehavior: dismiss and notify, webauthn:extension:credBlob: true, webauthn:extension:largeBlob: true, webauthn:extension:minPinLength: true, webauthn:extension:prf: true, webauthn:virtualAuthenticators: true}
Element: [[[[ChromeDriver: chrome on mac (dce2e9949e32530b3567a31bc7fb074c)] -> css selector: .mb-3]] -> css selector: .card-body button:last-of-type]
Session ID: dce2e9949e32530b3567a31bc7fb074c
at java.base/jdk.internal.reflect.DirectConstructorHandleAccessor.newInstance(DirectConstructorHandleAccessor.java:62)
at java.base/java.lang.reflect.Constructor.newInstanceWithCaller(Constructor.java:499)
at java.base/java.lang.reflect.Constructor.newInstance(Constructor.java:483)
at org.openqa.selenium.remote.ErrorCodec.decode(ErrorCodec.java:167)
at org.openqa.selenium.remote.codec.w3c.W3CHttpResponseCodec.decode(W3CHttpResponseCodec.java:138)
at org.openqa.selenium.remote.codec.w3c.W3CHttpResponseCodec.decode(W3CHttpResponseCodec.java:50)
at org.openqa.selenium.remote.HttpCommandExecutor.execute(HttpCommandExecutor.java:215)
at org.openqa.selenium.remote.service.DriverCommandExecutor.invokeExecute(DriverCommandExecutor.java:216)
at org.openqa.selenium.remote.service.DriverCommandExecutor.execute(DriverCommandExecutor.java:174)
at org.openqa.selenium.remote.RemoteWebDriver.execute(RemoteWebDriver.java:557)
at org.openqa.selenium.remote.RemoteWebElement.execute(RemoteWebElement.java:223)
at org.openqa.selenium.remote.RemoteWebElement.click(RemoteWebElement.java:76)
at com.webautomationbatch4.page_factory.pages.DashboardPage.addToCart(DashboardPage.java:33)
at stepdefenitions.DashboardPageStepDef.user_adds_a_product_to_the_cart(DashboardPageStepDef.java:24)
at âœ½.User adds a product to the cart "ZARA COAT 3"(file:///Users/albertsimanjuntak/AfterOffice/WebAutomationBatch4/webautomationbatch4/src/test/resources/features/CheckoutScenario.feature:21)
]]>
    </error>
  </testcase> <!-- runScenario -->
</testsuite> <!-- runner.TestRunnerOrder -->
